2024/09/17 16:09:50 api.middlewares.go:12: started GET /list-top-n?n=100&location=india&rank_by=country
2024/09/17 16:09:50 api.handlers.go:20: error : PATH = /list-top-n ERROR = Error 1064 (42000): You have an error in your SQL syntax; check the manual that corresponds to your MySQL server version for the right syntax to use near '? group by country order by score desc limit ?' at line 1
2024/09/17 16:09:50 api.middlewares.go:14: completed in 780.791µs
2024/09/17 16:09:52 api.middlewares.go:12: started GET /list-top-n?n=100&location=india&rank_by=country
2024/09/17 16:09:52 api.handlers.go:20: error : PATH = /list-top-n ERROR = Error 1064 (42000): You have an error in your SQL syntax; check the manual that corresponds to your MySQL server version for the right syntax to use near '? group by country order by score desc limit ?' at line 1
2024/09/17 16:09:52 api.middlewares.go:14: completed in 346.666µs
2024/09/17 16:10:24 api.server.go:32: server started  localhost:3007
2024/09/17 16:10:26 api.server.go:32: server started  localhost:3007
2024/09/17 16:10:33 api.server.go:32: server started  localhost:3007
2024/09/17 16:10:39 api.server.go:32: server started  localhost:3007
2024/09/17 16:10:42 api.middlewares.go:12: started GET /list-top-n?n=100&location=india&rank_by=country
2024/09/17 16:10:42 api.handlers.go:20: error : PATH = /list-top-n ERROR = Error 1054 (42S22): Unknown column 'location' in 'where clause'
2024/09/17 16:10:42 api.middlewares.go:14: completed in 840µs
2024/09/17 16:11:14 api.server.go:32: server started  localhost:3007
2024/09/17 16:11:16 api.server.go:32: server started  localhost:3007
2024/09/17 16:11:20 api.middlewares.go:12: started GET /list-top-n?n=100&location=india&rank_by=country
2024/09/17 16:11:20 api.handlers.go:20: error : PATH = /list-top-n ERROR = Error 1055 (42000): Expression #1 of SELECT list is not in GROUP BY clause and contains nonaggregated column 'ranking_system.scores.id' which is not functionally dependent on columns in GROUP BY clause; this is incompatible with sql_mode=only_full_group_by
2024/09/17 16:11:20 api.middlewares.go:14: completed in 644.75µs
2024/09/17 16:12:17 api.server.go:32: server started  localhost:3007
2024/09/17 16:12:18 api.server.go:32: server started  localhost:3007
2024/09/17 16:12:21 api.server.go:32: server started  localhost:3007
2024/09/17 16:12:23 api.server.go:32: server started  localhost:3007
2024/09/17 16:12:28 api.server.go:32: server started  localhost:3007
2024/09/17 16:12:31 api.server.go:32: server started  localhost:3007
2024/09/17 16:12:37 api.server.go:32: server started  localhost:3007
2024/09/17 16:13:53 api.server.go:32: server started  localhost:3007
2024/09/17 16:14:01 api.server.go:32: server started  localhost:3007
2024/09/17 16:14:05 api.server.go:32: server started  localhost:3007
2024/09/17 16:14:09 api.server.go:32: server started  localhost:3007
2024/09/17 16:14:10 api.server.go:32: server started  localhost:3007
2024/09/17 16:14:20 api.server.go:32: server started  localhost:3007
2024/09/17 16:14:20 api.server.go:32: server started  localhost:3007
2024/09/17 16:14:27 api.server.go:32: server started  localhost:3007
2024/09/17 16:14:28 api.server.go:32: server started  localhost:3007
2024/09/17 16:14:30 api.server.go:32: server started  localhost:3007
2024/09/17 16:14:32 api.server.go:32: server started  localhost:3007
2024/09/17 16:14:34 api.server.go:32: server started  localhost:3007
2024/09/17 16:14:38 api.server.go:32: server started  localhost:3007
2024/09/17 16:14:39 api.server.go:32: server started  localhost:3007
2024/09/17 16:14:45 api.server.go:32: server started  localhost:3007
2024/09/17 16:14:46 api.server.go:32: server started  localhost:3007
2024/09/17 16:14:54 api.middlewares.go:12: started GET /list-top-n?n=100&location=india&rank_by=country
2024/09/17 16:14:54 api.middlewares.go:14: completed in 1.715917ms
2024/09/17 16:15:07 api.middlewares.go:12: started GET /list-top-n?n=100&location=india&rank_by=state
2024/09/17 16:15:07 api.handlers.go:20: error : PATH = /list-top-n ERROR = Error 1064 (42000): You have an error in your SQL syntax; check the manual that corresponds to your MySQL server version for the right syntax to use near 'state order by score desc limit ?' at line 1
2024/09/17 16:15:07 api.middlewares.go:14: completed in 362.5µs
2024/09/17 16:15:35 api.server.go:32: server started  localhost:3007
2024/09/17 16:15:37 api.middlewares.go:12: started GET /list-top-n?n=100&location=india&rank_by=state
2024/09/17 16:15:37 api.middlewares.go:14: completed in 685.458µs
2024/09/17 16:15:51 api.middlewares.go:12: started GET /list-top-n?n=100&location=maharashtra&rank_by=state
2024/09/17 16:15:51 api.middlewares.go:14: completed in 781.834µs
2024/09/17 16:15:55 api.middlewares.go:12: started GET /list-top-n?n=1&location=maharashtra&rank_by=state
2024/09/17 16:15:55 api.middlewares.go:14: completed in 1.078583ms
2024/09/17 16:16:15 api.middlewares.go:12: started GET /list-top-n?n=1&location&rank_by=global
2024/09/17 16:16:15 api.middlewares.go:14: completed in 512.291µs
2024/09/17 16:16:24 api.middlewares.go:12: started GET /list-top-n?n=1&location=any&rank_by=global
2024/09/17 16:16:24 api.middlewares.go:14: completed in 1.469208ms
2024/09/17 16:16:25 api.middlewares.go:12: started GET /list-top-n?n=1&location=any&rank_by=global
2024/09/17 16:16:25 api.middlewares.go:14: completed in 1.237917ms
2024/09/17 16:16:25 api.middlewares.go:12: started GET /list-top-n?n=1&location=any&rank_by=global
2024/09/17 16:16:25 api.middlewares.go:14: completed in 1.578958ms
2024/09/17 16:16:26 api.middlewares.go:12: started GET /list-top-n?n=1&location=any&rank_by=global
2024/09/17 16:16:26 api.middlewares.go:14: completed in 633.917µs
2024/09/17 16:17:54 api.middlewares.go:12: started GET /list-top-n?n=1&rank_by=global
2024/09/17 16:17:54 api.middlewares.go:14: completed in 1.046625ms
2024/09/17 16:18:00 api.middlewares.go:12: started GET /list-top-n?n=100&rank_by=global
2024/09/17 16:18:00 api.middlewares.go:14: completed in 1.148584ms
2024/09/17 16:18:04 api.middlewares.go:12: started GET /list-top-n?n=100&location=any&rank_by=global
2024/09/17 16:18:04 api.middlewares.go:14: completed in 1.047833ms
2024/09/17 16:18:59 api.middlewares.go:12: started POST /submit?username=rajat&country=usa&state=new%20york&score=576
2024/09/17 16:18:59 api.middlewares.go:14: completed in 2.596416ms
2024/09/17 16:19:18 api.middlewares.go:12: started GET /list-top-n?n=100&location=any&rank_by=global
2024/09/17 16:19:18 api.middlewares.go:14: completed in 1.411ms
2024/09/17 16:19:26 api.middlewares.go:12: started GET /list-top-n?n=100&location=any&rank_by=country
2024/09/17 16:19:26 api.middlewares.go:14: completed in 997.709µs
2024/09/17 16:19:32 api.middlewares.go:12: started GET /list-top-n?n=100&location=usa&rank_by=country
2024/09/17 16:19:32 api.middlewares.go:14: completed in 1.120334ms
2024/09/17 16:20:21 api.server.go:32: server started  localhost:3007
2024/09/17 16:20:23 api.server.go:32: server started  localhost:3007
2024/09/17 16:20:55 api.server.go:32: server started  localhost:3007
2024/09/17 16:20:56 api.server.go:32: server started  localhost:3007
2024/09/17 16:21:00 api.server.go:32: server started  localhost:3007
2024/09/17 16:21:04 api.server.go:32: server started  localhost:3007
2024/09/17 16:21:10 api.server.go:32: server started  localhost:3007
2024/09/17 16:21:13 api.server.go:32: server started  localhost:3007
2024/09/17 16:21:14 api.server.go:32: server started  localhost:3007
2024/09/17 16:21:16 api.server.go:32: server started  localhost:3007
2024/09/17 16:21:19 api.server.go:32: server started  localhost:3007
2024/09/17 16:21:20 api.middlewares.go:12: started GET /list-top-n?n=100&location=usa&rank_by=country
2024/09/17 16:21:20 api.middlewares.go:14: completed in 1.429958ms
2024/09/17 16:21:21 api.middlewares.go:12: started GET /list-top-n?n=100&location=usa&rank_by=country
2024/09/17 16:21:21 api.middlewares.go:14: completed in 1.579625ms
2024/09/17 16:21:32 api.middlewares.go:12: started GET /list-top-n?n=100&location=maharashtra&rank_by=state
2024/09/17 16:21:32 api.middlewares.go:14: completed in 797.25µs
2024/09/17 16:21:48 api.server.go:32: server started  localhost:3007
2024/09/17 16:21:51 api.server.go:32: server started  localhost:3007
